sketch.js:417 Landing speed: 7.94
sketch.js:418 Landing angle: 78.78°
sketch.js:424 Landing failed
sketch.js:655 Generation 0:
sketch.js:656 Best Fitness = -967414.0195200916
sketch.js:657 Best Genome = D,0.57;R,0.03;R,0.18;D,0.02;T,0.38;T,0.03;D,0.74;D,0.43
sketch.js:417 Landing speed: 7.94
sketch.js:418 Landing angle: 79.46°
sketch.js:424 Landing failed
sketch.js:655 Generation 1:
sketch.js:656 Best Fitness = -967414.0195200916
sketch.js:657 Best Genome = D,0.57;R,0.03;R,0.18;D,0.02;T,0.38;T,0.03;D,0.74;D,0.43
sketch.js:395 Out of bounds - Mission failed
sketch.js:655 Generation 2:
sketch.js:656 Best Fitness = -5000
sketch.js:657 Best Genome = D,0.57;R,0.03;R,0.18;D,0.02;T,0.38;T,0.03;D,0.74;D,0.43
sketch.js:395 Out of bounds - Mission failed
sketch.js:655 Generation 3:
sketch.js:656 Best Fitness = -5000
sketch.js:657 Best Genome = D,0.57;R,0.03;R,0.18;D,0.02;T,0.38;T,0.03;D,0.74;D,0.43
sketch.js:417 Landing speed: 7.94
sketch.js:418 Landing angle: -58.16°
sketch.js:424 Landing failed
sketch.js:655 Generation 4:
sketch.js:656 Best Fitness = -5000
sketch.js:657 Best Genome = D,0.57;R,0.03;R,0.18;D,0.02;T,0.38;T,0.03;D,0.74;D,0.43
sketch.js:417 Landing speed: 7.94
sketch.js:418 Landing angle: -128.02°
sketch.js:424 Landing failed
sketch.js:655 Generation 5:
sketch.js:656 Best Fitness = -5000
sketch.js:657 Best Genome = D,0.57;R,0.03;R,0.18;D,0.02;T,0.38;T,0.03;D,0.74;D,0.43
sketch.js:417 Landing speed: 7.94
sketch.js:418 Landing angle: -155.13°
sketch.js:424 Landing failed
sketch.js:655 Generation 6:
sketch.js:656 Best Fitness = -5000
sketch.js:657 Best Genome = D,0.57;R,0.03;R,0.18;D,0.02;T,0.38;T,0.03;D,0.74;D,0.43
sketch.js:417 Landing speed: 7.94
sketch.js:418 Landing angle: 4.48°
sketch.js:424 Landing failed
sketch.js:655 Generation 7:
sketch.js:656 Best Fitness = -5000
sketch.js:657 Best Genome = D,0.57;R,0.03;R,0.18;D,0.02;T,0.38;T,0.03;D,0.74;D,0.43
sketch.js:417 Landing speed: 7.94
sketch.js:418 Landing angle: 113.20°
sketch.js:424 Landing failed
sketch.js:655 Generation 8:
sketch.js:656 Best Fitness = -5000
sketch.js:657 Best Genome = D,0.57;R,0.03;R,0.18;D,0.02;T,0.38;T,0.03;D,0.74;D,0.43
sketch.js:395 Out of bounds - Mission failed
sketch.js:655 Generation 9:
sketch.js:656 Best Fitness = -5000
sketch.js:657 Best Genome = D,0.57;R,0.03;R,0.18;D,0.02;T,0.38;T,0.03;D,0.74;D,0.43
sketch.js:417 Landing speed: 7.94
sketch.js:418 Landing angle: -31.16°
sketch.js:424 Landing failed
sketch.js:655 Generation 10:
sketch.js:656 Best Fitness = -5000
sketch.js:657 Best Genome = D,0.57;R,0.03;R,0.18;D,0.02;T,0.38;T,0.03;D,0.74;D,0.43
sketch.js:395 Out of bounds - Mission failed
sketch.js:655 Generation 11:
sketch.js:656 Best Fitness = -5000
sketch.js:657 Best Genome = D,0.57;R,0.03;R,0.18;D,0.02;T,0.38;T,0.03;D,0.74;D,0.43
sketch.js:417 Landing speed: 7.91
sketch.js:418 Landing angle: 163.33°
sketch.js:424 Landing failed
sketch.js:655 Generation 12:
sketch.js:656 Best Fitness = -5000
sketch.js:657 Best Genome = D,0.57;R,0.03;R,0.18;D,0.02;T,0.38;T,0.03;D,0.74;D,0.43
sketch.js:417 Landing speed: 7.94
sketch.js:418 Landing angle: -173.28°
sketch.js:424 Landing failed
sketch.js:655 Generation 13:
sketch.js:656 Best Fitness = -5000
sketch.js:657 Best Genome = D,0.57;R,0.03;R,0.18;D,0.02;T,0.38;T,0.03;D,0.74;D,0.43
sketch.js:417 Landing speed: 7.94
sketch.js:418 Landing angle: -56.15°
sketch.js:424 Landing failed
sketch.js:655 Generation 14:
sketch.js:656 Best Fitness = -5000
sketch.js:657 Best Genome = D,0.57;R,0.03;R,0.18;D,0.02;T,0.38;T,0.03;D,0.74;D,0.43
sketch.js:417 Landing speed: 7.94
sketch.js:418 Landing angle: 0.00°
sketch.js:424 Landing failed
sketch.js:655 Generation 15:
sketch.js:656 Best Fitness = -5000
sketch.js:657 Best Genome = D,0.57;R,0.03;R,0.18;D,0.02;T,0.38;T,0.03;D,0.74;D,0.43
sketch.js:395 Out of bounds - Mission failed
sketch.js:655 Generation 16:
sketch.js:656 Best Fitness = -5000
sketch.js:657 Best Genome = D,0.57;R,0.03;R,0.18;D,0.02;T,0.38;T,0.03;D,0.74;D,0.43
sketch.js:417 Landing speed: 7.94
sketch.js:418 Landing angle: 53.22°
sketch.js:424 Landing failed
sketch.js:655 Generation 17:
sketch.js:656 Best Fitness = -5000
sketch.js:657 Best Genome = D,0.57;R,0.03;R,0.18;D,0.02;T,0.38;T,0.03;D,0.74;D,0.43
sketch.js:417 Landing speed: 7.94
sketch.js:418 Landing angle: 3.26°
sketch.js:424 Landing failed
sketch.js:655 Generation 18:
sketch.js:656 Best Fitness = -5000
sketch.js:657 Best Genome = D,0.57;R,0.03;R,0.18;D,0.02;T,0.38;T,0.03;D,0.74;D,0.43
sketch.js:395 Out of bounds - Mission failed
sketch.js:655 Generation 19:
sketch.js:656 Best Fitness = -5000
sketch.js:657 Best Genome = D,0.57;R,0.03;R,0.18;D,0.02;T,0.38;T,0.03;D,0.74;D,0.43
sketch.js:395 Out of bounds - Mission failed
sketch.js:655 Generation 20:
sketch.js:656 Best Fitness = -5000
sketch.js:657 Best Genome = D,0.57;R,0.03;R,0.18;D,0.02;T,0.38;T,0.03;D,0.74;D,0.43
sketch.js:395 Out of bounds - Mission failed
sketch.js:655 Generation 21:
sketch.js:656 Best Fitness = -5000
sketch.js:657 Best Genome = D,0.57;R,0.03;R,0.18;D,0.02;T,0.38;T,0.03;D,0.74;D,0.43
sketch.js:395 Out of bounds - Mission failed
sketch.js:655 Generation 22:
sketch.js:656 Best Fitness = -5000
sketch.js:657 Best Genome = D,0.57;R,0.03;R,0.18;D,0.02;T,0.38;T,0.03;D,0.74;D,0.43
sketch.js:395 Out of bounds - Mission failed
sketch.js:655 Generation 23:
sketch.js:656 Best Fitness = -5000
sketch.js:657 Best Genome = D,0.57;R,0.03;R,0.18;D,0.02;T,0.38;T,0.03;D,0.74;D,0.43
sketch.js:417 Landing speed: 2.77
sketch.js:418 Landing angle: -115.41°
sketch.js:424 Landing failed
sketch.js:655 Generation 24:
sketch.js:656 Best Fitness = -5000
sketch.js:657 Best Genome = D,0.57;R,0.03;R,0.18;D,0.02;T,0.38;T,0.03;D,0.74;D,0.43
sketch.js:417 Landing speed: 5.36
sketch.js:418 Landing angle: 7.38°
sketch.js:424 Landing failed
sketch.js:655 Generation 25:
sketch.js:656 Best Fitness = -5000
sketch.js:657 Best Genome = D,0.57;R,0.03;R,0.18;D,0.02;T,0.38;T,0.03;D,0.74;D,0.43
sketch.js:417 Landing speed: 7.94
sketch.js:418 Landing angle: -95.40°
sketch.js:424 Landing failed
sketch.js:655 Generation 26:
sketch.js:656 Best Fitness = -5000
sketch.js:657 Best Genome = D,0.57;R,0.03;R,0.18;D,0.02;T,0.38;T,0.03;D,0.74;D,0.43
sketch.js:417 Landing speed: 7.94
sketch.js:418 Landing angle: 89.75°
sketch.js:424 Landing failed
sketch.js:655 Generation 27:
sketch.js:656 Best Fitness = -5000
sketch.js:657 Best Genome = D,0.57;R,0.03;R,0.18;D,0.02;T,0.38;T,0.03;D,0.74;D,0.43
sketch.js:417 Landing speed: 7.94
sketch.js:418 Landing angle: 25.68°
sketch.js:424 Landing failed
sketch.js:655 Generation 28:
sketch.js:656 Best Fitness = -5000
sketch.js:657 Best Genome = D,0.57;R,0.03;R,0.18;D,0.02;T,0.38;T,0.03;D,0.74;D,0.43
sketch.js:417 Landing speed: 7.94
sketch.js:418 Landing angle: 85.31°
sketch.js:424 Landing failed
sketch.js:655 Generation 29:
sketch.js:656 Best Fitness = -5000
sketch.js:657 Best Genome = D,0.57;R,0.03;R,0.18;D,0.02;T,0.38;T,0.03;D,0.74;D,0.43
sketch.js:395 Out of bounds - Mission failed
sketch.js:655 Generation 30:
sketch.js:656 Best Fitness = -5000
sketch.js:657 Best Genome = D,0.57;R,0.03;R,0.18;D,0.02;T,0.38;T,0.03;D,0.74;D,0.43
sketch.js:417 Landing speed: 7.94
sketch.js:418 Landing angle: -106.51°
sketch.js:424 Landing failed
sketch.js:655 Generation 31:
sketch.js:656 Best Fitness = -5000
sketch.js:657 Best Genome = D,0.57;R,0.03;R,0.18;D,0.02;T,0.38;T,0.03;D,0.74;D,0.43
sketch.js:395 Out of bounds - Mission failed
sketch.js:655 Generation 32:
sketch.js:656 Best Fitness = -5000
sketch.js:657 Best Genome = D,0.57;R,0.03;R,0.18;D,0.02;T,0.38;T,0.03;D,0.74;D,0.43
sketch.js:395 Out of bounds - Mission failed
sketch.js:655 Generation 33:
sketch.js:656 Best Fitness = -5000
sketch.js:657 Best Genome = D,0.57;R,0.03;R,0.18;D,0.02;T,0.38;T,0.03;D,0.74;D,0.43
sketch.js:417 Landing speed: 7.94
sketch.js:418 Landing angle: -120.57°
sketch.js:424 Landing failed
sketch.js:655 Generation 34:
sketch.js:656 Best Fitness = -5000
sketch.js:657 Best Genome = D,0.57;R,0.03;R,0.18;D,0.02;T,0.38;T,0.03;D,0.74;D,0.43
sketch.js:417 Landing speed: 7.44
sketch.js:418 Landing angle: -0.43°
sketch.js:424 Landing failed
sketch.js:655 Generation 35:
sketch.js:656 Best Fitness = -5000
sketch.js:657 Best Genome = D,0.57;R,0.03;R,0.18;D,0.02;T,0.38;T,0.03;D,0.74;D,0.43
sketch.js:417 Landing speed: 5.44
sketch.js:418 Landing angle: -42.01°
sketch.js:424 Landing failed
sketch.js:655 Generation 36:
sketch.js:656 Best Fitness = -5000
sketch.js:657 Best Genome = D,0.57;R,0.03;R,0.18;D,0.02;T,0.38;T,0.03;D,0.74;D,0.43
sketch.js:395 Out of bounds - Mission failed
sketch.js:655 Generation 37:
sketch.js:656 Best Fitness = -5000
sketch.js:657 Best Genome = D,0.57;R,0.03;R,0.18;D,0.02;T,0.38;T,0.03;D,0.74;D,0.43
sketch.js:417 Landing speed: 7.94
sketch.js:418 Landing angle: 105.28°
sketch.js:424 Landing failed
sketch.js:655 Generation 38:
sketch.js:656 Best Fitness = -5000
sketch.js:657 Best Genome = D,0.57;R,0.03;R,0.18;D,0.02;T,0.38;T,0.03;D,0.74;D,0.43
sketch.js:417 Landing speed: 7.94
sketch.js:418 Landing angle: 105.93°
sketch.js:424 Landing failed
sketch.js:655 Generation 39:
sketch.js:656 Best Fitness = -5000
sketch.js:657 Best Genome = D,0.57;R,0.03;R,0.18;D,0.02;T,0.38;T,0.03;D,0.74;D,0.43
sketch.js:395 Out of bounds - Mission failed
sketch.js:655 Generation 40:
sketch.js:656 Best Fitness = -5000
sketch.js:657 Best Genome = D,0.57;R,0.03;R,0.18;D,0.02;T,0.38;T,0.03;D,0.74;D,0.43
sketch.js:395 Out of bounds - Mission failed
sketch.js:655 Generation 41:
sketch.js:656 Best Fitness = -5000
sketch.js:657 Best Genome = D,0.57;R,0.03;R,0.18;D,0.02;T,0.38;T,0.03;D,0.74;D,0.43
sketch.js:395 Out of bounds - Mission failed
sketch.js:655 Generation 42:
sketch.js:656 Best Fitness = -5000
sketch.js:657 Best Genome = D,0.57;R,0.03;R,0.18;D,0.02;T,0.38;T,0.03;D,0.74;D,0.43
sketch.js:417 Landing speed: 7.94
sketch.js:418 Landing angle: -138.59°
sketch.js:424 Landing failed
sketch.js:655 Generation 43:
sketch.js:656 Best Fitness = -5000
sketch.js:657 Best Genome = D,0.57;R,0.03;R,0.18;D,0.02;T,0.38;T,0.03;D,0.74;D,0.43
sketch.js:395 Out of bounds - Mission failed
sketch.js:655 Generation 44:
sketch.js:656 Best Fitness = -5000
sketch.js:657 Best Genome = D,0.57;R,0.03;R,0.18;D,0.02;T,0.38;T,0.03;D,0.74;D,0.43
sketch.js:417 Landing speed: 7.94
sketch.js:418 Landing angle: 111.05°
sketch.js:424 Landing failed
sketch.js:655 Generation 45:
sketch.js:656 Best Fitness = -5000
sketch.js:657 Best Genome = D,0.57;R,0.03;R,0.18;D,0.02;T,0.38;T,0.03;D,0.74;D,0.43
sketch.js:417 Landing speed: 7.94
sketch.js:418 Landing angle: -4.83°
sketch.js:424 Landing failed
sketch.js:655 Generation 46:
sketch.js:656 Best Fitness = -5000
sketch.js:657 Best Genome = D,0.57;R,0.03;R,0.18;D,0.02;T,0.38;T,0.03;D,0.74;D,0.43
sketch.js:417 Landing speed: 7.94
sketch.js:418 Landing angle: -54.14°
sketch.js:424 Landing failed
sketch.js:655 Generation 47:
sketch.js:656 Best Fitness = -5000
sketch.js:657 Best Genome = D,0.57;R,0.03;R,0.18;D,0.02;T,0.38;T,0.03;D,0.74;D,0.43
sketch.js:395 Out of bounds - Mission failed
sketch.js:655 Generation 48:
sketch.js:656 Best Fitness = -5000
sketch.js:657 Best Genome = D,0.57;R,0.03;R,0.18;D,0.02;T,0.38;T,0.03;D,0.74;D,0.43
sketch.js:395 Out of bounds - Mission failed
sketch.js:655 Generation 49:
sketch.js:656 Best Fitness = -5000
sketch.js:657 Best Genome = D,0.57;R,0.03;R,0.18;D,0.02;T,0.38;T,0.03;D,0.74;D,0.43
sketch.js:395 Out of bounds - Mission failed
