sketch.js:395 Out of bounds - Mission failed
sketch.js:622 Generation 1: Best Fitness = -2000
sketch.js:417 Landing speed: 7.94
sketch.js:418 Landing angle: -4.01°
sketch.js:424 Landing failed
sketch.js:622 Generation 2: Best Fitness = 1475.5
sketch.js:417 Landing speed: 7.94
sketch.js:418 Landing angle: -46.55°
sketch.js:424 Landing failed
sketch.js:622 Generation 3: Best Fitness = 1475.5
sketch.js:395 Out of bounds - Mission failed
sketch.js:622 Generation 4: Best Fitness = 1475.5
sketch.js:395 Out of bounds - Mission failed
sketch.js:622 Generation 5: Best Fitness = 1475.5
sketch.js:417 Landing speed: 7.94
sketch.js:418 Landing angle: 163.40°
sketch.js:424 Landing failed
sketch.js:622 Generation 6: Best Fitness = 1475.5
sketch.js:395 Out of bounds - Mission failed
sketch.js:622 Generation 7: Best Fitness = 1475.5
sketch.js:417 Landing speed: 7.94
sketch.js:418 Landing angle: 146.10°
sketch.js:424 Landing failed
sketch.js:622 Generation 8: Best Fitness = 1475.5
sketch.js:395 Out of bounds - Mission failed
sketch.js:622 Generation 9: Best Fitness = 1475.5
sketch.js:395 Out of bounds - Mission failed
sketch.js:622 Generation 10: Best Fitness = 1475.5
sketch.js:417 Landing speed: 7.94
sketch.js:418 Landing angle: -55.23°
sketch.js:424 Landing failed
sketch.js:622 Generation 11: Best Fitness = 1475.5
sketch.js:417 Landing speed: 7.94
sketch.js:418 Landing angle: -95.25°
sketch.js:424 Landing failed
sketch.js:622 Generation 12: Best Fitness = 1475.5
sketch.js:417 Landing speed: 7.94
sketch.js:418 Landing angle: 46.55°
sketch.js:424 Landing failed
sketch.js:622 Generation 13: Best Fitness = 1475.5
sketch.js:417 Landing speed: 7.94
sketch.js:418 Landing angle: -25.15°
sketch.js:424 Landing failed
sketch.js:622 Generation 14: Best Fitness = 1475.5
sketch.js:417 Landing speed: 7.94
sketch.js:418 Landing angle: -25.15°
sketch.js:424 Landing failed
sketch.js:622 Generation 15: Best Fitness = 1475.5
sketch.js:417 Landing speed: 7.94
sketch.js:418 Landing angle: -25.15°
sketch.js:424 Landing failed
sketch.js:622 Generation 16: Best Fitness = 1475.5
sketch.js:395 Out of bounds - Mission failed
sketch.js:622 Generation 17: Best Fitness = 1475.5
sketch.js:417 Landing speed: 7.94
sketch.js:418 Landing angle: -46.55°
sketch.js:424 Landing failed
sketch.js:622 Generation 18: Best Fitness = 1475.5
sketch.js:417 Landing speed: 7.94
sketch.js:418 Landing angle: -25.15°
sketch.js:424 Landing failed
sketch.js:622 Generation 19: Best Fitness = 1475.5
sketch.js:417 Landing speed: 7.94
sketch.js:418 Landing angle: 3.01°
sketch.js:424 Landing failed
sketch.js:622 Generation 20: Best Fitness = 1475.5
sketch.js:395 Out of bounds - Mission failed
sketch.js:622 Generation 21: Best Fitness = 1475.5
sketch.js:395 Out of bounds - Mission failed
sketch.js:622 Generation 22: Best Fitness = 1475.5
sketch.js:395 Out of bounds - Mission failed
sketch.js:622 Generation 23: Best Fitness = 1475.5
sketch.js:417 Landing speed: 7.94
sketch.js:418 Landing angle: 52.36°
sketch.js:424 Landing failed
sketch.js:622 Generation 24: Best Fitness = 1475.5
sketch.js:417 Landing speed: 7.94
sketch.js:418 Landing angle: 55.23°
sketch.js:424 Landing failed
sketch.js:622 Generation 25: Best Fitness = 1475.5
sketch.js:395 Out of bounds - Mission failed
sketch.js:622 Generation 26: Best Fitness = 1475.5
sketch.js:417 Landing speed: 7.94
sketch.js:418 Landing angle: 131.17°
sketch.js:424 Landing failed
sketch.js:622 Generation 27: Best Fitness = 1475.5
sketch.js:395 Out of bounds - Mission failed
sketch.js:622 Generation 28: Best Fitness = 1475.5
sketch.js:395 Out of bounds - Mission failed
sketch.js:622 Generation 29: Best Fitness = 1475.5
sketch.js:395 Out of bounds - Mission failed
sketch.js:622 Generation 30: Best Fitness = 1475.5
sketch.js:417 Landing speed: 7.94
sketch.js:418 Landing angle: -112.81°
sketch.js:424 Landing failed
sketch.js:622 Generation 31: Best Fitness = 1475.5
sketch.js:417 Landing speed: 7.94
sketch.js:418 Landing angle: 13.03°
sketch.js:424 Landing failed
sketch.js:622 Generation 32: Best Fitness = 1475.5
sketch.js:417 Landing speed: 7.94
sketch.js:418 Landing angle: -46.55°
sketch.js:424 Landing failed
sketch.js:622 Generation 33: Best Fitness = 1475.5
sketch.js:417 Landing speed: 7.94
sketch.js:418 Landing angle: 25.15°
sketch.js:424 Landing failed
sketch.js:622 Generation 34: Best Fitness = 1475.5
sketch.js:417 Landing speed: 7.94
sketch.js:418 Landing angle: -25.15°
sketch.js:424 Landing failed
sketch.js:622 Generation 35: Best Fitness = 1475.5
sketch.js:395 Out of bounds - Mission failed
sketch.js:622 Generation 36: Best Fitness = 1475.5
sketch.js:417 Landing speed: 7.94
sketch.js:418 Landing angle: -25.15°
sketch.js:424 Landing failed
sketch.js:622 Generation 37: Best Fitness = 1475.5
sketch.js:395 Out of bounds - Mission failed
sketch.js:622 Generation 38: Best Fitness = 1475.5
sketch.js:395 Out of bounds - Mission failed
sketch.js:622 Generation 39: Best Fitness = 1475.5
sketch.js:395 Out of bounds - Mission failed
sketch.js:622 Generation 40: Best Fitness = 1475.5
sketch.js:395 Out of bounds - Mission failed
sketch.js:622 Generation 41: Best Fitness = 1475.5
sketch.js:417 Landing speed: 7.94
sketch.js:418 Landing angle: -147.29°
sketch.js:424 Landing failed
sketch.js:622 Generation 42: Best Fitness = 1475.5
sketch.js:417 Landing speed: 7.94
sketch.js:418 Landing angle: -25.15°
sketch.js:424 Landing failed
sketch.js:622 Generation 43: Best Fitness = 1475.5
sketch.js:395 Out of bounds - Mission failed
sketch.js:622 Generation 44: Best Fitness = 1475.5
sketch.js:417 Landing speed: 7.94
sketch.js:418 Landing angle: 0.00°
sketch.js:424 Landing failed
sketch.js:622 Generation 45: Best Fitness = 1475.5
sketch.js:417 Landing speed: 7.94
sketch.js:418 Landing angle: 0.00°
sketch.js:424 Landing failed
sketch.js:622 Generation 46: Best Fitness = 1475.5
sketch.js:417 Landing speed: 3.61
sketch.js:418 Landing angle: -122.80°
sketch.js:424 Landing failed
sketch.js:622 Generation 47: Best Fitness = 1475.5
sketch.js:395 Out of bounds - Mission failed
sketch.js:622 Generation 48: Best Fitness = 1475.5
sketch.js:395 Out of bounds - Mission failed
sketch.js:622 Generation 49: Best Fitness = 1475.5
sketch.js:417 Landing speed: 7.94
sketch.js:418 Landing angle: -29.65°
sketch.js:424 Landing failed
sketch.js:622 Generation 50: Best Fitness = 1475.5
sketch.js:395 Out of bounds - Mission failed
sketch.js:395 Out of bounds - Mission failed
sketch.js:395 Out of bounds - Mission failed
sketch.js:395 Out of bounds - Mission failed
