sketch.js:395 Out of bounds - Mission failed
sketch.js:634 Generation 1: Best Fitness = -2000
sketch.js:395 Out of bounds - Mission failed
sketch.js:634 Generation 2: Best Fitness = -2000
sketch.js:417 Landing speed: 7.91
sketch.js:418 Landing angle: -45.98°
sketch.js:424 Landing failed
sketch.js:634 Generation 3: Best Fitness = -2000
sketch.js:395 Out of bounds - Mission failed
sketch.js:634 Generation 4: Best Fitness = -2000
sketch.js:395 Out of bounds - Mission failed
sketch.js:634 Generation 5: Best Fitness = -2000
sketch.js:395 Out of bounds - Mission failed
sketch.js:634 Generation 6: Best Fitness = -2000
sketch.js:395 Out of bounds - Mission failed
sketch.js:634 Generation 7: Best Fitness = -2000
sketch.js:395 Out of bounds - Mission failed
sketch.js:634 Generation 8: Best Fitness = -2000
sketch.js:417 Landing speed: 7.94
sketch.js:418 Landing angle: 176.51°
sketch.js:424 Landing failed
sketch.js:634 Generation 9: Best Fitness = -2000
sketch.js:395 Out of bounds - Mission failed
sketch.js:634 Generation 10: Best Fitness = -2000
sketch.js:417 Landing speed: 7.94
sketch.js:418 Landing angle: -56.40°
sketch.js:424 Landing failed
sketch.js:634 Generation 11: Best Fitness = -2000
sketch.js:395 Out of bounds - Mission failed
sketch.js:634 Generation 12: Best Fitness = -2000
sketch.js:417 Landing speed: 7.94
sketch.js:418 Landing angle: 0.00°
sketch.js:424 Landing failed
sketch.js:634 Generation 13: Best Fitness = -2000
sketch.js:395 Out of bounds - Mission failed
sketch.js:634 Generation 14: Best Fitness = -2000
sketch.js:395 Out of bounds - Mission failed
sketch.js:634 Generation 15: Best Fitness = -2000
sketch.js:417 Landing speed: 7.94
sketch.js:418 Landing angle: -102.89°
sketch.js:424 Landing failed
sketch.js:634 Generation 16: Best Fitness = -2000
sketch.js:417 Landing speed: 6.52
sketch.js:418 Landing angle: -72.77°
sketch.js:424 Landing failed
sketch.js:634 Generation 17: Best Fitness = -2000
sketch.js:395 Out of bounds - Mission failed
sketch.js:634 Generation 18: Best Fitness = -2000
sketch.js:395 Out of bounds - Mission failed
sketch.js:634 Generation 19: Best Fitness = -2000
sketch.js:395 Out of bounds - Mission failed
sketch.js:634 Generation 20: Best Fitness = -2000
sketch.js:395 Out of bounds - Mission failed
sketch.js:634 Generation 21: Best Fitness = -2000
sketch.js:417 Landing speed: 2.33
sketch.js:418 Landing angle: -96.14°
sketch.js:424 Landing failed
sketch.js:634 Generation 22: Best Fitness = -2000
sketch.js:395 Out of bounds - Mission failed
sketch.js:634 Generation 23: Best Fitness = -2000
sketch.js:395 Out of bounds - Mission failed
sketch.js:634 Generation 24: Best Fitness = -2000
sketch.js:395 Out of bounds - Mission failed
sketch.js:634 Generation 25: Best Fitness = -2000
sketch.js:417 Landing speed: 7.94
sketch.js:418 Landing angle: 104.32°
sketch.js:424 Landing failed
sketch.js:634 Generation 26: Best Fitness = -2000
sketch.js:417 Landing speed: 7.94
sketch.js:418 Landing angle: 95.72°
sketch.js:424 Landing failed
sketch.js:634 Generation 27: Best Fitness = -2000
sketch.js:417 Landing speed: 7.80
sketch.js:418 Landing angle: -53.51°
sketch.js:424 Landing failed
sketch.js:634 Generation 28: Best Fitness = -2000
sketch.js:395 Out of bounds - Mission failed
sketch.js:634 Generation 29: Best Fitness = -2000
sketch.js:417 Landing speed: 7.94
sketch.js:418 Landing angle: -4.30°
sketch.js:424 Landing failed
sketch.js:634 Generation 30: Best Fitness = -2000
sketch.js:395 Out of bounds - Mission failed
sketch.js:634 Generation 31: Best Fitness = -2000
sketch.js:395 Out of bounds - Mission failed
sketch.js:634 Generation 32: Best Fitness = -2000
sketch.js:395 Out of bounds - Mission failed
sketch.js:634 Generation 33: Best Fitness = -2000
sketch.js:395 Out of bounds - Mission failed
sketch.js:634 Generation 34: Best Fitness = -2000
sketch.js:417 Landing speed: 7.94
sketch.js:418 Landing angle: 14.65°
sketch.js:424 Landing failed
sketch.js:634 Generation 35: Best Fitness = -2000
sketch.js:417 Landing speed: 7.48
sketch.js:418 Landing angle: 120.79°
sketch.js:424 Landing failed
sketch.js:634 Generation 36: Best Fitness = -2000
sketch.js:395 Out of bounds - Mission failed
sketch.js:634 Generation 37: Best Fitness = -2000
sketch.js:417 Landing speed: 7.32
sketch.js:418 Landing angle: -52.24°
sketch.js:424 Landing failed
sketch.js:634 Generation 38: Best Fitness = -2000
sketch.js:395 Out of bounds - Mission failed
sketch.js:634 Generation 39: Best Fitness = -2000
sketch.js:395 Out of bounds - Mission failed
sketch.js:634 Generation 40: Best Fitness = -2000
sketch.js:417 Landing speed: 7.94
sketch.js:418 Landing angle: 32.23°
sketch.js:424 Landing failed
sketch.js:634 Generation 41: Best Fitness = -2000
sketch.js:417 Landing speed: 8.11
sketch.js:418 Landing angle: 11.75°
sketch.js:424 Landing failed
sketch.js:634 Generation 42: Best Fitness = -566.25
sketch.js:417 Landing speed: 7.20
sketch.js:418 Landing angle: -137.43°
sketch.js:424 Landing failed
sketch.js:634 Generation 43: Best Fitness = -566.25
sketch.js:395 Out of bounds - Mission failed
sketch.js:634 Generation 44: Best Fitness = -566.25
sketch.js:417 Landing speed: 7.94
sketch.js:418 Landing angle: -38.10°
sketch.js:424 Landing failed
sketch.js:634 Generation 45: Best Fitness = -566.25
sketch.js:417 Landing speed: 7.94
sketch.js:418 Landing angle: 18.37°
sketch.js:424 Landing failed
sketch.js:634 Generation 46: Best Fitness = -566.25
sketch.js:417 Landing speed: 7.70
sketch.js:418 Landing angle: -175.96°
sketch.js:424 Landing failed
sketch.js:634 Generation 47: Best Fitness = -566.25
sketch.js:417 Landing speed: 5.70
sketch.js:418 Landing angle: 20.48°
sketch.js:424 Landing failed
sketch.js:634 Generation 48: Best Fitness = -566.25
sketch.js:395 Out of bounds - Mission failed
sketch.js:634 Generation 49: Best Fitness = -566.25
sketch.js:417 Landing speed: 7.94
sketch.js:418 Landing angle: -151.59°
sketch.js:424 Landing failed
sketch.js:634 Generation 50: Best Fitness = -566.25
sketch.js:395 Out of bounds - Mission failed
