sketch.js:417 Landing speed: 8.34
sketch.js:418 Landing angle: 118.50°
sketch.js:424 Landing failed
sketch.js:614 Generation 1: Best Fitness = 965
sketch.js:395 Out of bounds - Mission failed
sketch.js:614 Generation 2: Best Fitness = 988.5
sketch.js:417 Landing speed: 7.94
sketch.js:418 Landing angle: 34.89°
sketch.js:424 Landing failed
sketch.js:614 Generation 3: Best Fitness = 988.5
sketch.js:395 Out of bounds - Mission failed
sketch.js:614 Generation 4: Best Fitness = 993.5
sketch.js:417 Landing speed: 7.94
sketch.js:418 Landing angle: 75.42°
sketch.js:424 Landing failed
sketch.js:614 Generation 5: Best Fitness = 993.5
sketch.js:417 Landing speed: 7.94
sketch.js:418 Landing angle: -32.31°
sketch.js:424 Landing failed
sketch.js:614 Generation 6: Best Fitness = 993.5
sketch.js:395 Out of bounds - Mission failed
sketch.js:614 Generation 7: Best Fitness = 1475
sketch.js:417 Landing speed: 7.94
sketch.js:418 Landing angle: -98.44°
sketch.js:424 Landing failed
sketch.js:614 Generation 8: Best Fitness = 1475
sketch.js:417 Landing speed: 7.94
sketch.js:418 Landing angle: -82.58°
sketch.js:424 Landing failed
sketch.js:614 Generation 9: Best Fitness = 1475
sketch.js:395 Out of bounds - Mission failed
sketch.js:614 Generation 10: Best Fitness = 1484.25
sketch.js:417 Landing speed: 7.94
sketch.js:418 Landing angle: -114.34°
sketch.js:424 Landing failed
sketch.js:614 Generation 11: Best Fitness = 1484.25
sketch.js:395 Out of bounds - Mission failed
sketch.js:614 Generation 12: Best Fitness = 1494.5
sketch.js:417 Landing speed: 7.94
sketch.js:418 Landing angle: -33.17°
sketch.js:424 Landing failed
sketch.js:614 Generation 13: Best Fitness = 1494.5
sketch.js:395 Out of bounds - Mission failed
sketch.js:614 Generation 14: Best Fitness = 1494.5
sketch.js:395 Out of bounds - Mission failed
sketch.js:614 Generation 15: Best Fitness = 1494.5
sketch.js:395 Out of bounds - Mission failed
sketch.js:614 Generation 16: Best Fitness = 1494.5
sketch.js:395 Out of bounds - Mission failed
sketch.js:614 Generation 17: Best Fitness = 1494.5
sketch.js:395 Out of bounds - Mission failed
sketch.js:614 Generation 18: Best Fitness = 1494.5
sketch.js:395 Out of bounds - Mission failed
sketch.js:614 Generation 19: Best Fitness = 1494.5
sketch.js:417 Landing speed: 7.94
sketch.js:418 Landing angle: 67.08°
sketch.js:424 Landing failed
sketch.js:614 Generation 20: Best Fitness = 1494.5
sketch.js:417 Landing speed: 7.94
sketch.js:418 Landing angle: -40.19°
sketch.js:424 Landing failed
sketch.js:614 Generation 21: Best Fitness = 1494.5
sketch.js:417 Landing speed: 7.94
sketch.js:418 Landing angle: 32.31°
sketch.js:424 Landing failed
sketch.js:614 Generation 22: Best Fitness = 1494.5
sketch.js:417 Landing speed: 7.94
sketch.js:418 Landing angle: 32.16°
sketch.js:424 Landing failed
sketch.js:614 Generation 23: Best Fitness = 1494.5
sketch.js:417 Landing speed: 7.94
sketch.js:418 Landing angle: 163.72°
sketch.js:424 Landing failed
sketch.js:614 Generation 24: Best Fitness = 1494.5
sketch.js:395 Out of bounds - Mission failed
sketch.js:614 Generation 25: Best Fitness = 1494.5
sketch.js:417 Landing speed: 7.94
sketch.js:418 Landing angle: -44.48°
sketch.js:424 Landing failed
sketch.js:614 Generation 26: Best Fitness = 1494.5
sketch.js:417 Landing speed: 7.94
sketch.js:418 Landing angle: -78.72°
sketch.js:424 Landing failed
sketch.js:614 Generation 27: Best Fitness = 1494.5
sketch.js:417 Landing speed: 7.94
sketch.js:418 Landing angle: -44.48°
sketch.js:424 Landing failed
sketch.js:614 Generation 28: Best Fitness = 1494.5
sketch.js:395 Out of bounds - Mission failed
sketch.js:614 Generation 29: Best Fitness = 1494.5
sketch.js:417 Landing speed: 7.94
sketch.js:418 Landing angle: -25.15°
sketch.js:424 Landing failed
sketch.js:614 Generation 30: Best Fitness = 1494.5
sketch.js:417 Landing speed: 7.94
sketch.js:418 Landing angle: -78.86°
sketch.js:424 Landing failed
sketch.js:614 Generation 31: Best Fitness = 1494.5
sketch.js:395 Out of bounds - Mission failed
sketch.js:614 Generation 32: Best Fitness = 1494.5
sketch.js:395 Out of bounds - Mission failed
sketch.js:614 Generation 33: Best Fitness = 1494.5
sketch.js:417 Landing speed: 8.49
sketch.js:418 Landing angle: -11.81°
sketch.js:424 Landing failed
sketch.js:614 Generation 34: Best Fitness = 1494.5
sketch.js:395 Out of bounds - Mission failed
sketch.js:614 Generation 35: Best Fitness = 1494.5
sketch.js:395 Out of bounds - Mission failed
sketch.js:614 Generation 36: Best Fitness = 1494.5
sketch.js:417 Landing speed: 7.94
sketch.js:418 Landing angle: -40.19°
sketch.js:424 Landing failed
sketch.js:614 Generation 37: Best Fitness = 1494.5
sketch.js:395 Out of bounds - Mission failed
sketch.js:614 Generation 38: Best Fitness = 1494.5
sketch.js:395 Out of bounds - Mission failed
sketch.js:614 Generation 39: Best Fitness = 1494.5
sketch.js:395 Out of bounds - Mission failed
sketch.js:614 Generation 40: Best Fitness = 1494.5
sketch.js:417 Landing speed: 7.94
sketch.js:418 Landing angle: -25.15°
sketch.js:424 Landing failed
sketch.js:614 Generation 41: Best Fitness = 1494.5
sketch.js:417 Landing speed: 7.94
sketch.js:418 Landing angle: -42.97°
sketch.js:424 Landing failed
sketch.js:614 Generation 42: Best Fitness = 1494.5
sketch.js:395 Out of bounds - Mission failed
sketch.js:614 Generation 43: Best Fitness = 1494.5
sketch.js:395 Out of bounds - Mission failed
sketch.js:614 Generation 44: Best Fitness = 1494.5
sketch.js:417 Landing speed: 7.94
sketch.js:418 Landing angle: 33.31°
sketch.js:424 Landing failed
sketch.js:614 Generation 45: Best Fitness = 1494.5
sketch.js:417 Landing speed: 7.94
sketch.js:418 Landing angle: -104.07°
sketch.js:424 Landing failed
sketch.js:614 Generation 46: Best Fitness = 1494.5
sketch.js:395 Out of bounds - Mission failed
sketch.js:614 Generation 47: Best Fitness = 1494.5
sketch.js:417 Landing speed: 7.94
sketch.js:418 Landing angle: 25.15°
sketch.js:424 Landing failed
sketch.js:614 Generation 48: Best Fitness = 1494.5
sketch.js:417 Landing speed: 7.94
sketch.js:418 Landing angle: -35.89°
sketch.js:424 Landing failed
sketch.js:614 Generation 49: Best Fitness = 1494.5
sketch.js:395 Out of bounds - Mission failed
sketch.js:614 Generation 50: Best Fitness = 1494.5
sketch.js:395 Out of bounds - Mission failed
sketch.js:395 Out of bounds - Mission failed
sketch.js:395 Out of bounds - Mission failed
