sketch.js:225 Training with adjusted parameters for Moon: {populationSize: 10000, mutationRate: 0.1, generationLimit: 50}
sketch.js:781 Generation 0 - Evaluating 10000 genomes with gravity 1.62m/s²
sketch.js:482 Out of bounds - Mission failed
sketch.js:482 Out of bounds - Mission failed
sketch.js:482 Out of bounds - Mission failed
sketch.js:482 Out of bounds - Mission failed
sketch.js:482 Out of bounds - Mission failed
sketch.js:482 Out of bounds - Mission failed
sketch.js:482 Out of bounds - Mission failed
sketch.js:482 Out of bounds - Mission failed
sketch.js:482 Out of bounds - Mission failed
sketch.js:482 Out of bounds - Mission failed
sketch.js:482 Out of bounds - Mission failed
sketch.js:482 Out of bounds - Mission failed
sketch.js:482 Out of bounds - Mission failed
sketch.js:482 Out of bounds - Mission failed
sketch.js:482 Out of bounds - Mission failed
sketch.js:482 Out of bounds - Mission failed
sketch.js:482 Out of bounds - Mission failed
sketch.js:482 Out of bounds - Mission failed
sketch.js:482 Out of bounds - Mission failed
sketch.js:482 Out of bounds - Mission failed
sketch.js:482 Out of bounds - Mission failed
sketch.js:482 Out of bounds - Mission failed
sketch.js:482 Out of bounds - Mission failed
sketch.js:482 Out of bounds - Mission failed
sketch.js:482 Out of bounds - Mission failed
sketch.js:482 Out of bounds - Mission failed
sketch.js:482 Out of bounds - Mission failed
sketch.js:482 Out of bounds - Mission failed
sketch.js:507 Landing speed: 7.98
sketch.js:508 Landing angle: 128.30°
sketch.js:509 On platform: true
sketch.js:519 Crash landing
sketch.js:507 Landing speed: 6.44
sketch.js:508 Landing angle: 124.37°
sketch.js:509 On platform: true
sketch.js:519 Crash landing
sketch.js:507 Landing speed: 6.29
sketch.js:508 Landing angle: 34.13°
sketch.js:509 On platform: false
sketch.js:519 Crash landing
sketch.js:507 Landing speed: 7.94
sketch.js:508 Landing angle: 172.60°
sketch.js:509 On platform: true
sketch.js:519 Crash landing
sketch.js:507 Landing speed: 7.94
sketch.js:508 Landing angle: 70.15°
sketch.js:509 On platform: true
sketch.js:519 Crash landing
sketch.js:482 Out of bounds - Mission failed
sketch.js:507 Landing speed: 7.94
sketch.js:508 Landing angle: 104.81°
sketch.js:509 On platform: true
sketch.js:519 Crash landing
sketch.js:482 Out of bounds - Mission failed
sketch.js:482 Out of bounds - Mission failed
sketch.js:507 Landing speed: 6.44
sketch.js:508 Landing angle: 18.62°
sketch.js:509 On platform: true
sketch.js:519 Crash landing
sketch.js:507 Landing speed: 7.94
sketch.js:508 Landing angle: 125.33°
sketch.js:509 On platform: true
sketch.js:519 Crash landing
sketch.js:507 Landing speed: 6.44
sketch.js:508 Landing angle: 150.51°
sketch.js:509 On platform: true
sketch.js:519 Crash landing
sketch.js:482 Out of bounds - Mission failed
sketch.js:507 Landing speed: 2.70
sketch.js:508 Landing angle: 71.19°
sketch.js:509 On platform: true
sketch.js:516 Safe landing but not perfect
sketch.js:482 Out of bounds - Mission failed
sketch.js:482 Out of bounds - Mission failed
sketch.js:482 Out of bounds - Mission failed
sketch.js:507 Landing speed: 7.94
sketch.js:508 Landing angle: 39.10°
sketch.js:509 On platform: true
sketch.js:519 Crash landing
sketch.js:482 Out of bounds - Mission failed
sketch.js:507 Landing speed: 2.66
sketch.js:508 Landing angle: 5.83°
sketch.js:509 On platform: true
sketch.js:513 Perfect landing!
sketch.js:686 Perfect landing validated!
sketch.js:789 Potential perfect landing found, validating...
sketch.js:796 Validation attempt 1/3...
sketch.js:507 Landing speed: 2.66
sketch.js:508 Landing angle: 5.83°
sketch.js:509 On platform: true
sketch.js:513 Perfect landing!
sketch.js:686 Perfect landing validated!
sketch.js:796 Validation attempt 2/3...
sketch.js:507 Landing speed: 2.66
sketch.js:508 Landing angle: 5.83°
sketch.js:509 On platform: true
sketch.js:513 Perfect landing!
sketch.js:686 Perfect landing validated!
sketch.js:796 Validation attempt 3/3...
sketch.js:507 Landing speed: 2.66
sketch.js:508 Landing angle: 5.83°
sketch.js:509 On platform: true
sketch.js:513 Perfect landing!
sketch.js:686 Perfect landing validated!
sketch.js:807 Perfect landing confirmed in all validation attempts!
sketch.js:808 Generation 0
sketch.js:809 Best Fitness = 10000
sketch.js:810 Best Genome = R,0.14;L,0.43;L,0.21;D,0.48;L,0.14;T,0.23
sketch.js:816 Genome saved to localStorage
sketch.js:507 Landing speed: 2.66
sketch.js:508 Landing angle: 5.83°
sketch.js:509 On platform: true
sketch.js:513 Perfect landing!
sketch.js:507 Landing speed: 2.50
sketch.js:508 Landing angle: 25.97°
sketch.js:509 On platform: true
sketch.js:516 Safe landing but not perfect
sketch.js:507 Landing speed: 2.50
sketch.js:508 Landing angle: 25.97°
sketch.js:509 On platform: true
sketch.js:516 Safe landing but not perfect
sketch.js:507 Landing speed: 2.50
sketch.js:508 Landing angle: 25.97°
sketch.js:509 On platform: true
sketch.js:516 Safe landing but not perfect
sketch.js:258 Loaded previously successful genome from Moon
sketch.js:507 Landing speed: 2.50
sketch.js:508 Landing angle: 25.97°
sketch.js:509 On platform: true
sketch.js:516 Safe landing but not perfect
sketch.js:507 Landing speed: 2.50
sketch.js:508 Landing angle: 25.97°
sketch.js:509 On platform: true
sketch.js:516 Safe landing but not perfect
